root@eda-demo-control-plane:/# kubectl get crds
NAME                                                    CREATED AT
addresspools.metallb.io                                 2025-11-24T13:37:47Z
aggregateroutes.protocols.eda.nokia.com                 2025-11-24T13:47:34Z
alarms.core.eda.nokia.com                               2025-11-24T13:40:12Z
appinstallers.appstore.eda.nokia.com                    2025-11-24T13:40:12Z
artifacts.artifacts.eda.nokia.com                       2025-11-24T13:40:12Z
aspathsetdeployments.routingpolicies.eda.nokia.com      2025-11-24T13:47:20Z
aspathsets.routingpolicies.eda.nokia.com                2025-11-24T13:47:20Z
attachmentlookups.routing.eda.nokia.com                 2025-11-24T13:47:10Z
backends.aifabrics.eda.nokia.com                        2025-11-24T13:47:22Z
backendstates.aifabrics.eda.nokia.com                   2025-11-24T13:47:22Z
banners.siteinfo.eda.nokia.com                          2025-11-24T13:47:18Z
bannerstates.siteinfo.eda.nokia.com                     2025-11-24T13:47:18Z
bfdprofiles.metallb.io                                  2025-11-24T13:37:47Z
bgpadvertisements.metallb.io                            2025-11-24T13:37:47Z
bgpgroupdeployments.protocols.eda.nokia.com             2025-11-24T13:47:34Z
bgpgroups.protocols.eda.nokia.com                       2025-11-24T13:47:34Z
bgpgroupstates.protocols.eda.nokia.com                  2025-11-24T13:47:34Z
bgppeers.metallb.io                                     2025-11-24T13:37:47Z
bgppeers.protocols.eda.nokia.com                        2025-11-24T13:47:34Z
bgppeerstates.protocols.eda.nokia.com                   2025-11-24T13:47:34Z
breakouts.interfaces.eda.nokia.com                      2025-11-24T13:47:33Z
bridgedomaindeployments.services.eda.nokia.com          2025-11-24T13:47:14Z
bridgedomains.services.eda.nokia.com                    2025-11-24T13:47:15Z
bridgedomainstates.services.eda.nokia.com               2025-11-24T13:47:15Z
bridgeinterfaces.services.eda.nokia.com                 2025-11-24T13:47:15Z
bridgeinterfacestates.services.eda.nokia.com            2025-11-24T13:47:15Z
bundles.trust.cert-manager.io                           2025-11-24T13:39:24Z
catalogs.appstore.eda.nokia.com                         2025-11-24T13:40:12Z
certificatechecks.certcheck.eda.nokia.com               2025-11-24T13:40:57Z
certificaterequests.cert-manager.io                     2025-11-24T13:38:58Z
certificates.cert-manager.io                            2025-11-24T13:38:58Z
challenges.acme.cert-manager.io                         2025-11-24T13:38:58Z
chassis.components.eda.nokia.com                        2025-11-24T13:47:25Z
checkdefaultbgppeerss.protocols.eda.nokia.com           2025-11-24T13:47:34Z
checkinterfacess.interfaces.eda.nokia.com               2025-11-24T13:47:33Z
cliplugins.environment.eda.nokia.com                    2025-11-24T13:47:23Z
clusterdiscoveries.components.eda.nokia.com             2025-11-24T13:47:25Z
clusterissuers.cert-manager.io                          2025-11-24T13:38:58Z
clusterroles.core.eda.nokia.com                         2025-11-24T13:40:12Z
communities.metallb.io                                  2025-11-24T13:37:47Z
communitysetdeployments.routingpolicies.eda.nokia.com   2025-11-24T13:47:20Z
communitysets.routingpolicies.eda.nokia.com             2025-11-24T13:47:20Z
components.components.eda.nokia.com                     2025-11-24T13:47:25Z
configlets.config.eda.nokia.com                         2025-11-24T13:47:19Z
configletstates.config.eda.nokia.com                    2025-11-24T13:47:19Z
controlmodules.components.eda.nokia.com                 2025-11-24T13:47:25Z
controlplanefilters.filters.eda.nokia.com               2025-11-24T13:47:13Z
cpuoverlays.components.eda.nokia.com                    2025-11-24T13:47:25Z
cxclusters.cx.eda.nokia.com                             2025-11-24T13:40:12Z
defaultaggregateroutes.protocols.eda.nokia.com          2025-11-24T13:47:34Z
defaultbgpgroupdeployments.protocols.eda.nokia.com      2025-11-24T13:47:34Z
defaultbgpgroups.protocols.eda.nokia.com                2025-11-24T13:47:34Z
defaultbgppeers.protocols.eda.nokia.com                 2025-11-24T13:47:34Z
defaultinterfaces.routing.eda.nokia.com                 2025-11-24T13:47:10Z
defaultinterfacestates.routing.eda.nokia.com            2025-11-24T13:47:10Z
defaultroutereflectorclients.protocols.eda.nokia.com    2025-11-24T13:47:34Z
defaultroutereflectors.protocols.eda.nokia.com          2025-11-24T13:47:34Z
defaultrouters.routing.eda.nokia.com                    2025-11-24T13:47:10Z
defaultrouterstates.routing.eda.nokia.com               2025-11-24T13:47:10Z
defaultstaticroutes.protocols.eda.nokia.com             2025-11-24T13:47:34Z
deployimages.os.eda.nokia.com                           2025-11-24T13:47:32Z
designers.core.eda.nokia.com                            2025-11-24T13:40:12Z
deviationactions.core.eda.nokia.com                     2025-11-24T13:40:12Z
deviationoverlays.topologies.eda.nokia.com              2025-11-24T13:47:29Z
deviations.core.eda.nokia.com                           2025-11-24T13:40:12Z
dhcprelays.services.eda.nokia.com                       2025-11-24T13:47:15Z
discoveries.components.eda.nokia.com                    2025-11-24T13:47:25Z
discoveryaggregatestates.components.eda.nokia.com       2025-11-24T13:47:25Z
discoverystates.components.eda.nokia.com                2025-11-24T13:47:25Z
drains.routing.eda.nokia.com                            2025-11-24T13:47:10Z
drainstates.routing.eda.nokia.com                       2025-11-24T13:47:10Z
edgeinterfaces.core.eda.nokia.com                       2025-11-24T13:40:12Z
edgepings.services.eda.nokia.com                        2025-11-24T13:47:15Z
egresspolicys.qos.eda.nokia.com                         2025-11-24T13:47:24Z
engineconfigs.core.eda.nokia.com                        2025-11-24T13:40:12Z
fabricmodules.components.eda.nokia.com                  2025-11-24T13:47:25Z
fabrics.fabrics.eda.nokia.com                           2025-11-24T13:47:27Z
fabricstates.fabrics.eda.nokia.com                      2025-11-24T13:47:27Z
fans.components.eda.nokia.com                           2025-11-24T13:47:25Z
filterdeployments.filters.eda.nokia.com                 2025-11-24T13:47:13Z
filters.filters.eda.nokia.com                           2025-11-24T13:47:13Z
forwardingclasss.qos.eda.nokia.com                      2025-11-24T13:47:24Z
globalconfigs.core.eda.nokia.com                        2025-11-24T13:40:12Z
httpproxies.core.eda.nokia.com                          2025-11-24T13:40:12Z
indexallocationpools.core.eda.nokia.com                 2025-11-24T13:40:12Z
ingresspolicys.qos.eda.nokia.com                        2025-11-24T13:47:24Z
inits.bootstrap.eda.nokia.com                           2025-11-24T13:47:17Z
interfacemodules.components.eda.nokia.com               2025-11-24T13:47:25Z
interfaces.interfaces.eda.nokia.com                     2025-11-24T13:47:33Z
interfacestates.interfaces.eda.nokia.com                2025-11-24T13:47:33Z
ipaddresspools.metallb.io                               2025-11-24T13:37:47Z
ipallocationpools.core.eda.nokia.com                    2025-11-24T13:40:12Z
ipinsubnetallocationpools.core.eda.nokia.com            2025-11-24T13:40:12Z
irbinterfaces.services.eda.nokia.com                    2025-11-24T13:47:14Z
irbinterfacestates.services.eda.nokia.com               2025-11-24T13:47:15Z
islpings.fabrics.eda.nokia.com                          2025-11-24T13:47:27Z
isls.fabrics.eda.nokia.com                              2025-11-24T13:47:27Z
islstates.fabrics.eda.nokia.com                         2025-11-24T13:47:27Z
issuers.cert-manager.io                                 2025-11-24T13:38:58Z
keychaindeployments.security.eda.nokia.com              2025-11-24T13:47:12Z
keychains.security.eda.nokia.com                        2025-11-24T13:47:12Z
l2advertisements.metallb.io                             2025-11-24T13:37:47Z
licenses.core.eda.nokia.com                             2025-11-24T13:40:12Z
lldpoverlays.topologies.eda.nokia.com                   2025-11-24T13:47:29Z
managementrouters.bootstrap.eda.nokia.com               2025-11-24T13:47:17Z
managementrouterstates.bootstrap.eda.nokia.com          2025-11-24T13:47:17Z
manifests.core.eda.nokia.com                            2025-11-24T13:40:12Z
memoryoverlays.components.eda.nokia.com                 2025-11-24T13:47:25Z
mirrorfilterdeployments.filters.eda.nokia.com           2025-11-24T13:47:13Z
mirrorfilters.filters.eda.nokia.com                     2025-11-24T13:47:13Z
mirrors.oam.eda.nokia.com                               2025-11-24T13:47:28Z
mirrorstates.oam.eda.nokia.com                          2025-11-24T13:47:28Z
monitoraggregatestates.components.eda.nokia.com         2025-11-24T13:47:25Z
monitoraggregatestates.system.eda.nokia.com             2025-11-24T13:47:31Z
monitors.components.eda.nokia.com                       2025-11-24T13:47:25Z
monitors.system.eda.nokia.com                           2025-11-24T13:47:31Z
monitorstates.components.eda.nokia.com                  2025-11-24T13:47:25Z
monitorstates.system.eda.nokia.com                      2025-11-24T13:47:31Z
namespaces.core.eda.nokia.com                           2025-11-24T13:40:12Z
nodeconfigs.core.eda.nokia.com                          2025-11-24T13:40:12Z
nodegroupdeployments.aaa.eda.nokia.com                  2025-11-24T13:47:32Z
nodegroups.aaa.eda.nokia.com                            2025-11-24T13:47:32Z
nodeprofiles.core.eda.nokia.com                         2025-11-24T13:40:13Z
nodesecurityprofiles.core.eda.nokia.com                 2025-11-24T13:40:13Z
nodeusers.core.eda.nokia.com                            2025-11-24T13:40:13Z
nodeuserstates.aaa.eda.nokia.com                        2025-11-24T13:47:32Z
ntpclients.timing.eda.nokia.com                         2025-11-24T13:47:09Z
ntpclientstates.timing.eda.nokia.com                    2025-11-24T13:47:09Z
orders.acme.cert-manager.io                             2025-11-24T13:38:58Z
pings.oam.eda.nokia.com                                 2025-11-24T13:47:28Z
policyattachments.qos.eda.nokia.com                     2025-11-24T13:47:24Z
policydeployments.qos.eda.nokia.com                     2025-11-24T13:47:24Z
policydeployments.routingpolicies.eda.nokia.com         2025-11-24T13:47:20Z
policys.routingpolicies.eda.nokia.com                   2025-11-24T13:47:20Z
powersupplies.components.eda.nokia.com                  2025-11-24T13:47:25Z
prefixsetdeployments.routingpolicies.eda.nokia.com      2025-11-24T13:47:20Z
prefixsets.routingpolicies.eda.nokia.com                2025-11-24T13:47:20Z
queues.qos.eda.nokia.com                                2025-11-24T13:47:24Z
registries.appstore.eda.nokia.com                       2025-11-24T13:40:13Z
resourcegroups.kpt.dev                                  2025-11-24T13:38:31Z
roles.core.eda.nokia.com                                2025-11-24T13:40:13Z
routedinterfaces.services.eda.nokia.com                 2025-11-24T13:47:15Z
routedinterfacestates.services.eda.nokia.com            2025-11-24T13:47:14Z
routelookups.routing.eda.nokia.com                      2025-11-24T13:47:10Z
routerdeployments.services.eda.nokia.com                2025-11-24T13:47:14Z
routereflectorclients.protocols.eda.nokia.com           2025-11-24T13:47:34Z
routereflectorclientstates.protocols.eda.nokia.com      2025-11-24T13:47:34Z
routereflectors.protocols.eda.nokia.com                 2025-11-24T13:47:34Z
routereflectorstates.protocols.eda.nokia.com            2025-11-24T13:47:34Z
routers.services.eda.nokia.com                          2025-11-24T13:47:15Z
routerstates.services.eda.nokia.com                     2025-11-24T13:47:15Z
setupenvs.environment.eda.nokia.com                     2025-11-24T13:47:23Z
simlinks.core.eda.nokia.com                             2025-11-24T13:40:13Z
simnodes.core.eda.nokia.com                             2025-11-24T13:40:13Z
stateconfigs.services.eda.nokia.com                     2025-11-24T13:47:15Z
staticroutes.protocols.eda.nokia.com                    2025-11-24T13:47:34Z
subnetallocationpools.core.eda.nokia.com                2025-11-24T13:40:13Z
systeminterfaces.routing.eda.nokia.com                  2025-11-24T13:47:10Z
systeminterfacestates.routing.eda.nokia.com             2025-11-24T13:47:10Z
targetnodes.core.eda.nokia.com                          2025-11-24T13:40:13Z
techsupports.oam.eda.nokia.com                          2025-11-24T13:47:28Z
thresholds.oam.eda.nokia.com                            2025-11-24T13:47:28Z
thresholds.platformmetrics.eda.nokia.com                2025-11-24T13:40:13Z
topobreakouts.core.eda.nokia.com                        2025-11-24T13:40:13Z
topolinkmonitors.topologies.eda.nokia.com               2025-11-24T13:47:29Z
topolinks.core.eda.nokia.com                            2025-11-24T13:40:13Z
topolinkstates.topologies.eda.nokia.com                 2025-11-24T13:47:29Z
topologies.topologies.eda.nokia.com                     2025-11-24T13:47:29Z
topologygroupings.topologies.eda.nokia.com              2025-11-24T13:47:29Z
toponodes.core.eda.nokia.com                            2025-11-24T13:40:13Z
trafficrateoverlays.topologies.eda.nokia.com            2025-11-24T13:47:29Z
transactionresults.core.eda.nokia.com                   2025-11-24T13:40:13Z
transactions.core.eda.nokia.com                         2025-11-24T13:40:14Z
udpproxies.core.eda.nokia.com                           2025-11-24T13:40:14Z
userdeployments.aaa.eda.nokia.com                       2025-11-24T13:47:32Z
virtualnetworks.services.eda.nokia.com                  2025-11-24T13:47:15Z
virtualnetworkstates.services.eda.nokia.com             2025-11-24T13:47:15Z
vlans.services.eda.nokia.com                            2025-11-24T13:47:15Z
vlanstates.services.eda.nokia.com                       2025-11-24T13:47:14Z
volumeoverlays.components.eda.nokia.com                 2025-11-24T13:47:25Z
waitforinputs.core.eda.nokia.com                        2025-11-24T13:40:14Z
workflowdefinitions.core.eda.nokia.com                  2025-11-24T13:40:14Z
workflows.core.eda.nokia.com                            2025-11-24T13:40:14Z
root@eda-demo-control-plane:/# kubectl get crds | grep nokia
aggregateroutes.protocols.eda.nokia.com                 2025-11-24T13:47:34Z
alarms.core.eda.nokia.com                               2025-11-24T13:40:12Z
appinstallers.appstore.eda.nokia.com                    2025-11-24T13:40:12Z
artifacts.artifacts.eda.nokia.com                       2025-11-24T13:40:12Z
aspathsetdeployments.routingpolicies.eda.nokia.com      2025-11-24T13:47:20Z
aspathsets.routingpolicies.eda.nokia.com                2025-11-24T13:47:20Z
attachmentlookups.routing.eda.nokia.com                 2025-11-24T13:47:10Z
backends.aifabrics.eda.nokia.com                        2025-11-24T13:47:22Z
backendstates.aifabrics.eda.nokia.com                   2025-11-24T13:47:22Z
banners.siteinfo.eda.nokia.com                          2025-11-24T13:47:18Z
bannerstates.siteinfo.eda.nokia.com                     2025-11-24T13:47:18Z
bgpgroupdeployments.protocols.eda.nokia.com             2025-11-24T13:47:34Z
bgpgroups.protocols.eda.nokia.com                       2025-11-24T13:47:34Z
bgpgroupstates.protocols.eda.nokia.com                  2025-11-24T13:47:34Z
bgppeers.protocols.eda.nokia.com                        2025-11-24T13:47:34Z
bgppeerstates.protocols.eda.nokia.com                   2025-11-24T13:47:34Z
breakouts.interfaces.eda.nokia.com                      2025-11-24T13:47:33Z
bridgedomaindeployments.services.eda.nokia.com          2025-11-24T13:47:14Z
bridgedomains.services.eda.nokia.com                    2025-11-24T13:47:15Z
bridgedomainstates.services.eda.nokia.com               2025-11-24T13:47:15Z
bridgeinterfaces.services.eda.nokia.com                 2025-11-24T13:47:15Z
bridgeinterfacestates.services.eda.nokia.com            2025-11-24T13:47:15Z
catalogs.appstore.eda.nokia.com                         2025-11-24T13:40:12Z
certificatechecks.certcheck.eda.nokia.com               2025-11-24T13:40:57Z
chassis.components.eda.nokia.com                        2025-11-24T13:47:25Z
checkdefaultbgppeerss.protocols.eda.nokia.com           2025-11-24T13:47:34Z
checkinterfacess.interfaces.eda.nokia.com               2025-11-24T13:47:33Z
cliplugins.environment.eda.nokia.com                    2025-11-24T13:47:23Z
clusterdiscoveries.components.eda.nokia.com             2025-11-24T13:47:25Z
clusterroles.core.eda.nokia.com                         2025-11-24T13:40:12Z
communitysetdeployments.routingpolicies.eda.nokia.com   2025-11-24T13:47:20Z
communitysets.routingpolicies.eda.nokia.com             2025-11-24T13:47:20Z
components.components.eda.nokia.com                     2025-11-24T13:47:25Z
configlets.config.eda.nokia.com                         2025-11-24T13:47:19Z
configletstates.config.eda.nokia.com                    2025-11-24T13:47:19Z
controlmodules.components.eda.nokia.com                 2025-11-24T13:47:25Z
controlplanefilters.filters.eda.nokia.com               2025-11-24T13:47:13Z
cpuoverlays.components.eda.nokia.com                    2025-11-24T13:47:25Z
cxclusters.cx.eda.nokia.com                             2025-11-24T13:40:12Z
defaultaggregateroutes.protocols.eda.nokia.com          2025-11-24T13:47:34Z
defaultbgpgroupdeployments.protocols.eda.nokia.com      2025-11-24T13:47:34Z
defaultbgpgroups.protocols.eda.nokia.com                2025-11-24T13:47:34Z
defaultbgppeers.protocols.eda.nokia.com                 2025-11-24T13:47:34Z
defaultinterfaces.routing.eda.nokia.com                 2025-11-24T13:47:10Z
defaultinterfacestates.routing.eda.nokia.com            2025-11-24T13:47:10Z
defaultroutereflectorclients.protocols.eda.nokia.com    2025-11-24T13:47:34Z
defaultroutereflectors.protocols.eda.nokia.com          2025-11-24T13:47:34Z
defaultrouters.routing.eda.nokia.com                    2025-11-24T13:47:10Z
defaultrouterstates.routing.eda.nokia.com               2025-11-24T13:47:10Z
defaultstaticroutes.protocols.eda.nokia.com             2025-11-24T13:47:34Z
deployimages.os.eda.nokia.com                           2025-11-24T13:47:32Z
designers.core.eda.nokia.com                            2025-11-24T13:40:12Z
deviationactions.core.eda.nokia.com                     2025-11-24T13:40:12Z
deviationoverlays.topologies.eda.nokia.com              2025-11-24T13:47:29Z
deviations.core.eda.nokia.com                           2025-11-24T13:40:12Z
dhcprelays.services.eda.nokia.com                       2025-11-24T13:47:15Z
discoveries.components.eda.nokia.com                    2025-11-24T13:47:25Z
discoveryaggregatestates.components.eda.nokia.com       2025-11-24T13:47:25Z
discoverystates.components.eda.nokia.com                2025-11-24T13:47:25Z
drains.routing.eda.nokia.com                            2025-11-24T13:47:10Z
drainstates.routing.eda.nokia.com                       2025-11-24T13:47:10Z
edgeinterfaces.core.eda.nokia.com                       2025-11-24T13:40:12Z
edgepings.services.eda.nokia.com                        2025-11-24T13:47:15Z
egresspolicys.qos.eda.nokia.com                         2025-11-24T13:47:24Z
engineconfigs.core.eda.nokia.com                        2025-11-24T13:40:12Z
fabricmodules.components.eda.nokia.com                  2025-11-24T13:47:25Z
fabrics.fabrics.eda.nokia.com                           2025-11-24T13:47:27Z
fabricstates.fabrics.eda.nokia.com                      2025-11-24T13:47:27Z
fans.components.eda.nokia.com                           2025-11-24T13:47:25Z
filterdeployments.filters.eda.nokia.com                 2025-11-24T13:47:13Z
filters.filters.eda.nokia.com                           2025-11-24T13:47:13Z
forwardingclasss.qos.eda.nokia.com                      2025-11-24T13:47:24Z
globalconfigs.core.eda.nokia.com                        2025-11-24T13:40:12Z
httpproxies.core.eda.nokia.com                          2025-11-24T13:40:12Z
indexallocationpools.core.eda.nokia.com                 2025-11-24T13:40:12Z
ingresspolicys.qos.eda.nokia.com                        2025-11-24T13:47:24Z
inits.bootstrap.eda.nokia.com                           2025-11-24T13:47:17Z
interfacemodules.components.eda.nokia.com               2025-11-24T13:47:25Z
interfaces.interfaces.eda.nokia.com                     2025-11-24T13:47:33Z
interfacestates.interfaces.eda.nokia.com                2025-11-24T13:47:33Z
ipallocationpools.core.eda.nokia.com                    2025-11-24T13:40:12Z
ipinsubnetallocationpools.core.eda.nokia.com            2025-11-24T13:40:12Z
irbinterfaces.services.eda.nokia.com                    2025-11-24T13:47:14Z
irbinterfacestates.services.eda.nokia.com               2025-11-24T13:47:15Z
islpings.fabrics.eda.nokia.com                          2025-11-24T13:47:27Z
isls.fabrics.eda.nokia.com                              2025-11-24T13:47:27Z
islstates.fabrics.eda.nokia.com                         2025-11-24T13:47:27Z
keychaindeployments.security.eda.nokia.com              2025-11-24T13:47:12Z
keychains.security.eda.nokia.com                        2025-11-24T13:47:12Z
licenses.core.eda.nokia.com                             2025-11-24T13:40:12Z
lldpoverlays.topologies.eda.nokia.com                   2025-11-24T13:47:29Z
managementrouters.bootstrap.eda.nokia.com               2025-11-24T13:47:17Z
managementrouterstates.bootstrap.eda.nokia.com          2025-11-24T13:47:17Z
manifests.core.eda.nokia.com                            2025-11-24T13:40:12Z
memoryoverlays.components.eda.nokia.com                 2025-11-24T13:47:25Z
mirrorfilterdeployments.filters.eda.nokia.com           2025-11-24T13:47:13Z
mirrorfilters.filters.eda.nokia.com                     2025-11-24T13:47:13Z
mirrors.oam.eda.nokia.com                               2025-11-24T13:47:28Z
mirrorstates.oam.eda.nokia.com                          2025-11-24T13:47:28Z
monitoraggregatestates.components.eda.nokia.com         2025-11-24T13:47:25Z
monitoraggregatestates.system.eda.nokia.com             2025-11-24T13:47:31Z
monitors.components.eda.nokia.com                       2025-11-24T13:47:25Z
monitors.system.eda.nokia.com                           2025-11-24T13:47:31Z
monitorstates.components.eda.nokia.com                  2025-11-24T13:47:25Z
monitorstates.system.eda.nokia.com                      2025-11-24T13:47:31Z
namespaces.core.eda.nokia.com                           2025-11-24T13:40:12Z
nodeconfigs.core.eda.nokia.com                          2025-11-24T13:40:12Z
nodegroupdeployments.aaa.eda.nokia.com                  2025-11-24T13:47:32Z
nodegroups.aaa.eda.nokia.com                            2025-11-24T13:47:32Z
nodeprofiles.core.eda.nokia.com                         2025-11-24T13:40:13Z
nodesecurityprofiles.core.eda.nokia.com                 2025-11-24T13:40:13Z
nodeusers.core.eda.nokia.com                            2025-11-24T13:40:13Z
nodeuserstates.aaa.eda.nokia.com                        2025-11-24T13:47:32Z
ntpclients.timing.eda.nokia.com                         2025-11-24T13:47:09Z
ntpclientstates.timing.eda.nokia.com                    2025-11-24T13:47:09Z
pings.oam.eda.nokia.com                                 2025-11-24T13:47:28Z
policyattachments.qos.eda.nokia.com                     2025-11-24T13:47:24Z
policydeployments.qos.eda.nokia.com                     2025-11-24T13:47:24Z
policydeployments.routingpolicies.eda.nokia.com         2025-11-24T13:47:20Z
policys.routingpolicies.eda.nokia.com                   2025-11-24T13:47:20Z
powersupplies.components.eda.nokia.com                  2025-11-24T13:47:25Z
prefixsetdeployments.routingpolicies.eda.nokia.com      2025-11-24T13:47:20Z
prefixsets.routingpolicies.eda.nokia.com                2025-11-24T13:47:20Z
queues.qos.eda.nokia.com                                2025-11-24T13:47:24Z
registries.appstore.eda.nokia.com                       2025-11-24T13:40:13Z
roles.core.eda.nokia.com                                2025-11-24T13:40:13Z
routedinterfaces.services.eda.nokia.com                 2025-11-24T13:47:15Z
routedinterfacestates.services.eda.nokia.com            2025-11-24T13:47:14Z
routelookups.routing.eda.nokia.com                      2025-11-24T13:47:10Z
routerdeployments.services.eda.nokia.com                2025-11-24T13:47:14Z
routereflectorclients.protocols.eda.nokia.com           2025-11-24T13:47:34Z
routereflectorclientstates.protocols.eda.nokia.com      2025-11-24T13:47:34Z
routereflectors.protocols.eda.nokia.com                 2025-11-24T13:47:34Z
routereflectorstates.protocols.eda.nokia.com            2025-11-24T13:47:34Z
routers.services.eda.nokia.com                          2025-11-24T13:47:15Z
routerstates.services.eda.nokia.com                     2025-11-24T13:47:15Z
setupenvs.environment.eda.nokia.com                     2025-11-24T13:47:23Z
simlinks.core.eda.nokia.com                             2025-11-24T13:40:13Z
simnodes.core.eda.nokia.com                             2025-11-24T13:40:13Z
stateconfigs.services.eda.nokia.com                     2025-11-24T13:47:15Z
staticroutes.protocols.eda.nokia.com                    2025-11-24T13:47:34Z
subnetallocationpools.core.eda.nokia.com                2025-11-24T13:40:13Z
systeminterfaces.routing.eda.nokia.com                  2025-11-24T13:47:10Z
systeminterfacestates.routing.eda.nokia.com             2025-11-24T13:47:10Z
targetnodes.core.eda.nokia.com                          2025-11-24T13:40:13Z
techsupports.oam.eda.nokia.com                          2025-11-24T13:47:28Z
thresholds.oam.eda.nokia.com                            2025-11-24T13:47:28Z
thresholds.platformmetrics.eda.nokia.com                2025-11-24T13:40:13Z
topobreakouts.core.eda.nokia.com                        2025-11-24T13:40:13Z
topolinkmonitors.topologies.eda.nokia.com               2025-11-24T13:47:29Z
topolinks.core.eda.nokia.com                            2025-11-24T13:40:13Z
topolinkstates.topologies.eda.nokia.com                 2025-11-24T13:47:29Z
topologies.topologies.eda.nokia.com                     2025-11-24T13:47:29Z
topologygroupings.topologies.eda.nokia.com              2025-11-24T13:47:29Z
toponodes.core.eda.nokia.com                            2025-11-24T13:40:13Z
trafficrateoverlays.topologies.eda.nokia.com            2025-11-24T13:47:29Z
transactionresults.core.eda.nokia.com                   2025-11-24T13:40:13Z
transactions.core.eda.nokia.com                         2025-11-24T13:40:14Z
udpproxies.core.eda.nokia.com                           2025-11-24T13:40:14Z
userdeployments.aaa.eda.nokia.com                       2025-11-24T13:47:32Z
virtualnetworks.services.eda.nokia.com                  2025-11-24T13:47:15Z
virtualnetworkstates.services.eda.nokia.com             2025-11-24T13:47:15Z
vlans.services.eda.nokia.com                            2025-11-24T13:47:15Z
vlanstates.services.eda.nokia.com                       2025-11-24T13:47:14Z
volumeoverlays.components.eda.nokia.com                 2025-11-24T13:47:25Z
waitforinputs.core.eda.nokia.com                        2025-11-24T13:40:14Z
workflowdefinitions.core.eda.nokia.com                  2025-11-24T13:40:14Z
workflows.core.eda.nokia.com                            2025-11-24T13:40:14Z
root@eda-demo-control-plane:/#
root@eda-demo-control-plane:/# kubectl get crds | grep nokia | wc
    168     336   12936
root@eda-demo-control-plane:/#

